<?xml version="1.0" encoding="utf-8"?><testsuites name="pytest tests"><testsuite name="pytest" errors="0" failures="1" skipped="0" tests="35" time="1.845" timestamp="2026-01-21T03:35:19.550939+00:00" hostname="agent-env-a89b34a4-20ae-4fbe-b2b0-049a897f73a6"><testcase classname="tests.test_uff_api.TestHealthAndRoot" name="test_api_root" time="0.069" /><testcase classname="tests.test_uff_api.TestDashboard" name="test_dashboard_loads" time="0.038" /><testcase classname="tests.test_uff_api.TestDashboard" name="test_dashboard_top_performers_have_roblox_usernames" time="0.031" /><testcase classname="tests.test_uff_api.TestDashboard" name="test_dashboard_power_rankings" time="0.033" /><testcase classname="tests.test_uff_api.TestPlayers" name="test_get_all_players" time="0.039" /><testcase classname="tests.test_uff_api.TestPlayers" name="test_players_have_roblox_usernames" time="0.040" /><testcase classname="tests.test_uff_api.TestPlayers" name="test_players_have_new_stats_structure" time="0.033" /><testcase classname="tests.test_uff_api.TestPlayers" name="test_get_player_by_id" time="0.033" /><testcase classname="tests.test_uff_api.TestPlayers" name="test_get_player_not_found" time="0.039" /><testcase classname="tests.test_uff_api.TestPlayers" name="test_filter_players_by_position" time="0.035" /><testcase classname="tests.test_uff_api.TestPlayers" name="test_filter_elite_players" time="0.033" /><testcase classname="tests.test_uff_api.TestPlayers" name="test_player_analysis" time="0.035" /><testcase classname="tests.test_uff_api.TestTeams" name="test_get_all_teams" time="0.032" /><testcase classname="tests.test_uff_api.TestTeams" name="test_get_team_by_id" time="0.035" /><testcase classname="tests.test_uff_api.TestTeams" name="test_team_analysis" time="0.037" /><testcase classname="tests.test_uff_api.TestTeams" name="test_team_roster" time="0.034" /><testcase classname="tests.test_uff_api.TestStandings" name="test_get_standings" time="0.034" /><testcase classname="tests.test_uff_api.TestStandings" name="test_standings_sorted_by_wins" time="0.032" /><testcase classname="tests.test_uff_api.TestSchedule" name="test_get_full_schedule" time="0.035" /><testcase classname="tests.test_uff_api.TestSchedule" name="test_get_week_schedule" time="0.037" /><testcase classname="tests.test_uff_api.TestStatLeaders" name="test_get_stat_leaders" time="0.032" /><testcase classname="tests.test_uff_api.TestStatLeaders" name="test_stat_leaders_have_names" time="0.032" /><testcase classname="tests.test_uff_api.TestRobloxAPI" name="test_search_roblox_user" time="0.324" /><testcase classname="tests.test_uff_api.TestRobloxAPI" name="test_search_roblox_user_not_found" time="0.157"><failure message="assert 520 in [404, 500]&#10; +  where 520 = &lt;Response [520]&gt;.status_code">tests/test_uff_api.py:352: in test_search_roblox_user_not_found
    assert response.status_code in [404, 500]
E   assert 520 in [404, 500]
E    +  where 520 = &lt;Response [520]&gt;.status_code</failure></testcase><testcase classname="tests.test_uff_api.TestPlayoffs" name="test_get_playoffs" time="0.035" /><testcase classname="tests.test_uff_api.TestPowerRankings" name="test_get_power_rankings" time="0.028" /><testcase classname="tests.test_uff_api.TestTrades" name="test_get_trades" time="0.034" /><testcase classname="tests.test_uff_api.TestAwards" name="test_get_awards" time="0.034" /><testcase classname="tests.test_uff_api.TestWatchlist" name="test_get_watchlist" time="0.030" /><testcase classname="tests.test_uff_api.TestWatchlist" name="test_add_to_watchlist" time="0.031" /><testcase classname="tests.test_uff_api.TestWatchlist" name="test_remove_from_watchlist" time="0.070" /><testcase classname="tests.test_uff_api.TestAdminEndpoints" name="test_admin_stats_without_key" time="0.031" /><testcase classname="tests.test_uff_api.TestAdminEndpoints" name="test_admin_stats_with_key" time="0.032" /><testcase classname="tests.test_uff_api.TestAdminEndpoints" name="test_admin_get_admins" time="0.032" /><testcase classname="tests.test_uff_api.TestPlayerAnalytics" name="test_get_player_analytics" time="0.030" /></testsuite></testsuites>