<?xml version="1.0" encoding="utf-8"?><testsuites name="pytest tests"><testsuite name="pytest" errors="0" failures="0" skipped="0" tests="35" time="2.144" timestamp="2026-01-22T03:01:22.997986+00:00" hostname="agent-env-1e0f1899-c125-47a9-8ddc-92729a045327"><testcase classname="tests.test_uff_api.TestHealthAndRoot" name="test_api_root" time="0.096" /><testcase classname="tests.test_uff_api.TestDashboard" name="test_dashboard_loads" time="0.041" /><testcase classname="tests.test_uff_api.TestDashboard" name="test_dashboard_top_performers_have_roblox_usernames" time="0.043" /><testcase classname="tests.test_uff_api.TestDashboard" name="test_dashboard_power_rankings" time="0.043" /><testcase classname="tests.test_uff_api.TestPlayers" name="test_get_all_players" time="0.047" /><testcase classname="tests.test_uff_api.TestPlayers" name="test_players_have_roblox_usernames" time="0.047" /><testcase classname="tests.test_uff_api.TestPlayers" name="test_players_have_new_stats_structure" time="0.052" /><testcase classname="tests.test_uff_api.TestPlayers" name="test_get_player_by_id" time="0.038" /><testcase classname="tests.test_uff_api.TestPlayers" name="test_get_player_not_found" time="0.042" /><testcase classname="tests.test_uff_api.TestPlayers" name="test_filter_players_by_position" time="0.041" /><testcase classname="tests.test_uff_api.TestPlayers" name="test_filter_elite_players" time="0.040" /><testcase classname="tests.test_uff_api.TestPlayers" name="test_player_analysis" time="0.076" /><testcase classname="tests.test_uff_api.TestTeams" name="test_get_all_teams" time="0.039" /><testcase classname="tests.test_uff_api.TestTeams" name="test_get_team_by_id" time="0.033" /><testcase classname="tests.test_uff_api.TestTeams" name="test_team_analysis" time="0.043" /><testcase classname="tests.test_uff_api.TestTeams" name="test_team_roster" time="0.035" /><testcase classname="tests.test_uff_api.TestStandings" name="test_get_standings" time="0.036" /><testcase classname="tests.test_uff_api.TestStandings" name="test_standings_sorted_by_wins" time="0.037" /><testcase classname="tests.test_uff_api.TestSchedule" name="test_get_full_schedule" time="0.035" /><testcase classname="tests.test_uff_api.TestSchedule" name="test_get_week_schedule" time="0.035" /><testcase classname="tests.test_uff_api.TestStatLeaders" name="test_get_stat_leaders" time="0.035" /><testcase classname="tests.test_uff_api.TestStatLeaders" name="test_stat_leaders_have_names" time="0.036" /><testcase classname="tests.test_uff_api.TestRobloxAPI" name="test_search_roblox_user" time="0.358" /><testcase classname="tests.test_uff_api.TestRobloxAPI" name="test_search_roblox_user_not_found" time="0.161" /><testcase classname="tests.test_uff_api.TestPlayoffs" name="test_get_playoffs" time="0.038" /><testcase classname="tests.test_uff_api.TestPowerRankings" name="test_get_power_rankings" time="0.033" /><testcase classname="tests.test_uff_api.TestTrades" name="test_get_trades" time="0.040" /><testcase classname="tests.test_uff_api.TestAwards" name="test_get_awards" time="0.078" /><testcase classname="tests.test_uff_api.TestWatchlist" name="test_get_watchlist" time="0.042" /><testcase classname="tests.test_uff_api.TestWatchlist" name="test_add_to_watchlist" time="0.036" /><testcase classname="tests.test_uff_api.TestWatchlist" name="test_remove_from_watchlist" time="0.118" /><testcase classname="tests.test_uff_api.TestAdminEndpoints" name="test_admin_stats_without_key" time="0.032" /><testcase classname="tests.test_uff_api.TestAdminEndpoints" name="test_admin_stats_with_key" time="0.040" /><testcase classname="tests.test_uff_api.TestAdminEndpoints" name="test_admin_get_admins" time="0.036" /><testcase classname="tests.test_uff_api.TestPlayerAnalytics" name="test_get_player_analytics" time="0.038" /></testsuite></testsuites>